2025-11-30 09:11:17,424 - __main__ - INFO - ============================================================
2025-11-30 09:11:17,429 - __main__ - INFO - ============================================================
2025-11-30 09:12:42,492 - __main__ - INFO - ============================================================
2025-11-30 09:12:42,496 - __main__ - INFO - ============================================================
2025-11-30 09:13:29,729 - __main__ - INFO - 
============================================================
2025-11-30 09:13:29,732 - __main__ - INFO - ============================================================
2025-11-30 09:13:29,757 - __main__ - INFO -   Total: 0
2025-11-30 09:13:29,757 - __main__ - INFO -   Ativas: 0
2025-11-30 09:13:29,757 - __main__ - INFO -   Pausadas: 0
2025-11-30 09:13:29,764 - __main__ - INFO -   Total: 0
2025-11-30 09:13:29,768 - __main__ - INFO -   Legendas disponíveis: 15
2025-11-30 09:13:29,768 - __main__ - INFO -   Grupos de hashtags: 10
2025-11-30 09:13:29,768 - __main__ - INFO -   Humanização: alto
2025-11-30 09:13:29,768 - __main__ - INFO -   Telegram: Ativo
2025-11-30 09:13:29,769 - __main__ - INFO - 
============================================================
2025-11-30 09:14:07,223 - __main__ - INFO - ============================================================
2025-11-30 09:14:07,227 - __main__ - INFO - ============================================================
2025-11-30 09:14:10,973 - __main__ - INFO - 
============================================================
2025-11-30 09:14:10,977 - __main__ - INFO - ============================================================
2025-11-30 09:14:12,041 - __main__ - INFO -   • Delay de teste...
2025-11-30 09:14:13,456 - __main__ - INFO - 
============================================================
2025-11-30 09:14:13,459 - __main__ - INFO - ============================================================
2025-11-30 09:21:28,791 - __main__ - INFO - ============================================================
2025-11-30 09:21:28,797 - __main__ - INFO - ============================================================
2025-11-30 09:21:40,515 - __main__ - INFO - 
============================================================
2025-11-30 09:21:40,518 - __main__ - INFO - ============================================================
2025-11-30 09:21:40,580 - __main__ - INFO - 
============================================================
2025-11-30 09:21:40,583 - __main__ - INFO - ============================================================
2025-11-30 09:21:40,592 - __main__ - INFO -   Total: 1
2025-11-30 09:21:40,592 - __main__ - INFO -   Ativas: 1
2025-11-30 09:21:40,592 - __main__ - INFO -   Pausadas: 0
2025-11-30 09:21:40,597 - __main__ - INFO -   Total: 0
2025-11-30 09:21:40,599 - __main__ - INFO -   Legendas disponíveis: 15
2025-11-30 09:21:40,599 - __main__ - INFO -   Grupos de hashtags: 10
2025-11-30 09:21:40,599 - __main__ - INFO -   Humanização: alto
2025-11-30 09:21:40,599 - __main__ - INFO -   Telegram: Ativo
2025-11-30 09:21:40,599 - __main__ - INFO - 
============================================================
2025-11-30 09:21:41,688 - __main__ - INFO - ============================================================
2025-11-30 09:21:41,691 - __main__ - INFO - Por enquanto, use as funções de teste para validar tudo.
2025-11-30 09:35:20,353 - __main__ - INFO - ============================================================
2025-11-30 09:35:20,356 - __main__ - INFO - ============================================================
2025-11-30 09:35:28,126 - __main__ - INFO - 
============================================================
2025-11-30 09:35:28,130 - __main__ - INFO - ============================================================
2025-11-30 09:35:28,146 - __main__ - INFO -   Total: 1
2025-11-30 09:35:28,146 - __main__ - INFO -   Ativas: 1
2025-11-30 09:35:28,147 - __main__ - INFO -   Pausadas: 0
2025-11-30 09:35:28,152 - __main__ - INFO -   Total: 0
2025-11-30 09:35:28,153 - __main__ - INFO -   Legendas disponíveis: 15
2025-11-30 09:35:28,153 - __main__ - INFO -   Grupos de hashtags: 10
2025-11-30 09:35:28,153 - __main__ - INFO -   Humanização: alto
2025-11-30 09:35:28,154 - __main__ - INFO -   Telegram: Ativo
2025-11-30 09:35:28,154 - __main__ - INFO - 
============================================================
